 0x0 : sub $0, $0, $0       | 00000000000000000000000000100010
 0x4 : add $s1,$0,$0        | 00000000000000001000100000100000
 0x8 : add $s2,$0,$0        | 00000000000000001001000000100000
 0xc : add $s5,$0,$0        | 00000000000000001010100000100000
0x10 : L1:                  | 
0x10 : lw $s3,0($s1)        | 10001110001100110000000000000000
0x14 : nop                  | 00000000000000000000000000000000
0x14 : slt $s4, $s2, $s3    | 00000010010100111010000000101010
0x18 : beq $s4, $0, L2      | 00010000000101000000000000000001
0x1c : lw $s2,0($s1)        | 10001110001100100000000000000000
0x20 : nop                  | 00000000000000000000000000000000
0x20 : L2:                  | 
0x20 : addi $s5, $s5, 1     | 00100010101101010000000000000001
0x24 : addi $s1, $s1, 16    | 00100010001100010000000000010000
0x28 : bne $s0, $s5, L1     | 00010110101100001111111111111001
0x2c : sw $s2,0($s1)        | 10101110001100100000000000000000
0x30 : nop                  | 00000000000000000000000000000000
0x30 : sub $0,$0,$0         | 00000000000000000000000000100010
0x34 : addi $s0,$0,0        | 00100000000100000000000000000000
0x38 : or $s1,$s0,$0        | 00000010000000001000100000100101
0x3c : addi $s2,$s1,0       | 00100010001100100000000000000000
0x40 : sw $s2,0($s1)        | 10101110001100100000000000000000
0x44 : addi $s1,$s1,4       | 00100010001100010000000000000100
0x48 : addi $s0,$s0,1       | 00100010000100000000000000000001
0x4c : j 0                  | 00001000000000000000000000000000
