Copyright 1986-2018 Xilinx, Inc. All Rights Reserved.
----------------------------------------------------------------------------------------------------------------------------------
| Tool Version     : Vivado v.2018.3 (win64) Build 2405991 Thu Dec  6 23:38:27 MST 2018
| Date             : Fri Mar 22 11:23:01 2019
| Host             : JosephSurface running 64-bit major release  (build 9200)
| Command          : report_power -file main_power_routed.rpt -pb main_power_summary_routed.pb -rpx main_power_routed.rpx
| Design           : main
| Device           : xc7a100tcsg324-1
| Design State     : routed
| Grade            : commercial
| Process          : typical
| Characterization : Production
----------------------------------------------------------------------------------------------------------------------------------

Power Report

Table of Contents
-----------------
1. Summary
1.1 On-Chip Components
1.2 Power Supply Summary
1.3 Confidence Level
2. Settings
2.1 Environment
2.2 Clock Constraints
3. Detailed Reports
3.1 By Hierarchy

1. Summary
----------

+--------------------------+----------------------------------+
| Total On-Chip Power (W)  | 31.682 (Junction temp exceeded!) |
| Design Power Budget (W)  | Unspecified*                     |
| Power Budget Margin (W)  | NA                               |
| Dynamic (W)              | 30.886                           |
| Device Static (W)        | 0.797                            |
| Effective TJA (C/W)      | 4.6                              |
| Max Ambient (C)          | 0.0                              |
| Junction Temperature (C) | 125.0                            |
| Confidence Level         | Low                              |
| Setting File             | ---                              |
| Simulation Activity File | ---                              |
| Design Nets Matched      | NA                               |
+--------------------------+----------------------------------+
* Specify Design Power Budget using, set_operating_conditions -design_power_budget <value in Watts>


1.1 On-Chip Components
----------------------

+--------------------------+-----------+----------+-----------+-----------------+
| On-Chip                  | Power (W) | Used     | Available | Utilization (%) |
+--------------------------+-----------+----------+-----------+-----------------+
| Slice Logic              |     2.859 |      528 |       --- |             --- |
|   LUT as Logic           |     2.674 |      313 |     63400 |            0.49 |
|   CARRY4                 |     0.105 |       22 |     15850 |            0.14 |
|   LUT as Distributed RAM |     0.061 |       80 |     19000 |            0.42 |
|   Register               |     0.011 |       45 |    126800 |            0.04 |
|   BUFG                   |     0.008 |        2 |        32 |            6.25 |
|   Others                 |     0.000 |       10 |       --- |             --- |
| Signals                  |     3.213 |      475 |       --- |             --- |
| I/O                      |    24.814 |       14 |       210 |            6.67 |
| Static Power             |     0.797 |          |           |                 |
| Total                    |    31.682 |          |           |                 |
+--------------------------+-----------+----------+-----------+-----------------+


1.2 Power Supply Summary
------------------------

+-----------+-------------+-----------+-------------+------------+
| Source    | Voltage (V) | Total (A) | Dynamic (A) | Static (A) |
+-----------+-------------+-----------+-------------+------------+
| Vccint    |       1.000 |     6.638 |       6.076 |      0.563 |
| Vccaux    |       1.800 |     1.002 |       0.909 |      0.093 |
| Vcco33    |       3.300 |     7.026 |       7.022 |      0.004 |
| Vcco25    |       2.500 |     0.000 |       0.000 |      0.000 |
| Vcco18    |       1.800 |     0.000 |       0.000 |      0.000 |
| Vcco15    |       1.500 |     0.000 |       0.000 |      0.000 |
| Vcco135   |       1.350 |     0.000 |       0.000 |      0.000 |
| Vcco12    |       1.200 |     0.000 |       0.000 |      0.000 |
| Vccaux_io |       1.800 |     0.000 |       0.000 |      0.000 |
| Vccbram   |       1.000 |     0.018 |       0.000 |      0.018 |
| MGTAVcc   |       1.000 |     0.000 |       0.000 |      0.000 |
| MGTAVtt   |       1.200 |     0.000 |       0.000 |      0.000 |
| Vccadc    |       1.800 |     0.020 |       0.000 |      0.020 |
+-----------+-------------+-----------+-------------+------------+


1.3 Confidence Level
--------------------

+-----------------------------+------------+--------------------------------------------------------+--------------------------------------------------------------------------------------------------------------------+
| User Input Data             | Confidence | Details                                                | Action                                                                                                             |
+-----------------------------+------------+--------------------------------------------------------+--------------------------------------------------------------------------------------------------------------------+
| Design implementation state | High       | Design is routed                                       |                                                                                                                    |
| Clock nodes activity        | Low        | User specified less than 75% of clocks                 | Provide missing clock activity with a constraint file, simulation results or by editing the "By Clock Domain" view |
| I/O nodes activity          | Low        | More than 75% of inputs are missing user specification | Provide missing input activity with simulation results or by editing the "By Resource Type -> I/Os" view           |
| Internal nodes activity     | Medium     | User specified less than 25% of internal nodes         | Provide missing internal nodes activity with simulation results or by editing the "By Resource Type" views         |
| Device models               | High       | Device models are Production                           |                                                                                                                    |
|                             |            |                                                        |                                                                                                                    |
| Overall confidence level    | Low        |                                                        |                                                                                                                    |
+-----------------------------+------------+--------------------------------------------------------+--------------------------------------------------------------------------------------------------------------------+


2. Settings
-----------

2.1 Environment
---------------

+-----------------------+--------------------------+
| Ambient Temp (C)      | 25.0                     |
| ThetaJA (C/W)         | 4.6                      |
| Airflow (LFM)         | 250                      |
| Heat Sink             | medium (Medium Profile)  |
| ThetaSA (C/W)         | 4.6                      |
| Board Selection       | medium (10"x10")         |
| # of Board Layers     | 12to15 (12 to 15 Layers) |
| Board Temperature (C) | 25.0                     |
+-----------------------+--------------------------+


2.2 Clock Constraints
---------------------

+-------+--------+-----------------+
| Clock | Domain | Constraint (ns) |
+-------+--------+-----------------+


3. Detailed Reports
-------------------

3.1 By Hierarchy
----------------

+--------------------------+-----------+
| Name                     | Power (W) |
+--------------------------+-----------+
| main                     |    30.886 |
|   TOP_0                  |     6.052 |
|     DATA_MEMORY_3        |     0.251 |
|       RAM_reg_0_63_0_0   |     0.005 |
|       RAM_reg_0_63_12_12 |     0.002 |
|       RAM_reg_0_63_13_13 |     0.002 |
|       RAM_reg_0_63_14_14 |     0.001 |
|       RAM_reg_0_63_15_15 |     0.002 |
|       RAM_reg_0_63_16_16 |     0.001 |
|       RAM_reg_0_63_17_17 |     0.001 |
|       RAM_reg_0_63_18_18 |     0.001 |
|       RAM_reg_0_63_19_19 |     0.001 |
|       RAM_reg_0_63_20_20 |     0.001 |
|       RAM_reg_0_63_21_21 |     0.001 |
|       RAM_reg_0_63_22_22 |     0.001 |
|       RAM_reg_0_63_23_23 |     0.001 |
|       RAM_reg_0_63_24_24 |     0.001 |
|       RAM_reg_0_63_25_25 |     0.001 |
|       RAM_reg_0_63_26_26 |     0.001 |
|       RAM_reg_0_63_28_28 |     0.001 |
|       RAM_reg_0_63_29_29 |     0.001 |
|       RAM_reg_0_63_2_2   |     0.002 |
|       RAM_reg_0_63_30_30 |     0.001 |
|       RAM_reg_0_63_3_3   |     0.001 |
|       RAM_reg_0_63_4_4   |     0.001 |
|       RAM_reg_0_63_5_5   |     0.001 |
|       RAM_reg_0_63_6_6   |     0.001 |
|       RAM_reg_0_63_8_8   |     0.002 |
|       RAM_reg_0_63_9_9   |     0.001 |
|     MIPS_1               |     5.789 |
|       DATAPATH_3         |     5.789 |
+--------------------------+-----------+


