
*** Running vivado
    with args -log main.vds -m64 -product Vivado -mode batch -messageDb vivado.pb -notrace -source main.tcl


****** Vivado v2018.3 (64-bit)
  **** SW Build 2405991 on Thu Dec  6 23:38:27 MST 2018
  **** IP Build 2404404 on Fri Dec  7 01:43:56 MST 2018
    ** Copyright 1986-2018 Xilinx, Inc. All Rights Reserved.

source main.tcl -notrace
Command: synth_design -top main -part xc7a100tcsg324-1
Starting synth_design
Attempting to get a license for feature 'Synthesis' and/or device 'xc7a100t'
INFO: [Common 17-349] Got license for feature 'Synthesis' and/or device 'xc7a100t'
INFO: Launching helper process for spawning children vivado processes
INFO: Helper process launched with PID 1444 
---------------------------------------------------------------------------------
Starting RTL Elaboration : Time (s): cpu = 00:00:03 ; elapsed = 00:00:02 . Memory (MB): peak = 362.680 ; gain = 101.227
---------------------------------------------------------------------------------
INFO: [Synth 8-6157] synthesizing module 'main' [C:/Users/13808/Documents/PJ Now/MIPScomputer_version/project_1/project_1.srcs/sources_1/new/main.v:23]
WARNING: [Synth 8-4446] all outputs are unconnected for this instance and logic may be removed [C:/Users/13808/Documents/PJ Now/MIPScomputer_version/project_1/project_1.srcs/sources_1/new/main.v:31]
INFO: [Synth 8-6157] synthesizing module 'TOP' [C:/Users/13808/Documents/PJ Now/MIPScomputer_version/project_1/project_1.srcs/sources_1/new/TOP.v:23]
INFO: [Synth 8-6157] synthesizing module 'MIPS' [C:/Users/13808/Documents/PJ Now/MIPScomputer_version/project_1/project_1.srcs/sources_1/new/MIPS.v:23]
INFO: [Synth 8-6157] synthesizing module 'ALU_DECODER' [C:/Users/13808/Documents/PJ Now/MIPScomputer_version/project_1/project_1.srcs/sources_1/new/ALU_DECODER.v:23]
WARNING: [Synth 8-151] case item 32'b00000000000000000000001111110010 is unreachable [C:/Users/13808/Documents/PJ Now/MIPScomputer_version/project_1/project_1.srcs/sources_1/new/ALU_DECODER.v:32]
WARNING: [Synth 8-151] case item 32'b00000000000000000000010001001101 is unreachable [C:/Users/13808/Documents/PJ Now/MIPScomputer_version/project_1/project_1.srcs/sources_1/new/ALU_DECODER.v:33]
WARNING: [Synth 8-151] case item 32'b00000000000000000000010001001100 is unreachable [C:/Users/13808/Documents/PJ Now/MIPScomputer_version/project_1/project_1.srcs/sources_1/new/ALU_DECODER.v:34]
INFO: [Synth 8-6155] done synthesizing module 'ALU_DECODER' (1#1) [C:/Users/13808/Documents/PJ Now/MIPScomputer_version/project_1/project_1.srcs/sources_1/new/ALU_DECODER.v:23]
INFO: [Synth 8-6157] synthesizing module 'MAIN_DECODER' [C:/Users/13808/Documents/PJ Now/MIPScomputer_version/project_1/project_1.srcs/sources_1/new/MAIN_DECODER.v:23]
INFO: [Synth 8-6155] done synthesizing module 'MAIN_DECODER' (2#1) [C:/Users/13808/Documents/PJ Now/MIPScomputer_version/project_1/project_1.srcs/sources_1/new/MAIN_DECODER.v:23]
INFO: [Synth 8-6157] synthesizing module 'DATAPATH' [C:/Users/13808/Documents/PJ Now/MIPScomputer_version/project_1/project_1.srcs/sources_1/new/DATAPATH.v:3]
INFO: [Synth 8-6157] synthesizing module 'MUX2_1' [C:/Users/13808/Documents/PJ Now/MIPScomputer_version/project_1/project_1.srcs/sources_1/new/MUX2_1.v:23]
	Parameter WIDTH bound to: 32 - type: integer 
INFO: [Synth 8-6155] done synthesizing module 'MUX2_1' (3#1) [C:/Users/13808/Documents/PJ Now/MIPScomputer_version/project_1/project_1.srcs/sources_1/new/MUX2_1.v:23]
INFO: [Synth 8-6157] synthesizing module 'MUX2_1__parameterized0' [C:/Users/13808/Documents/PJ Now/MIPScomputer_version/project_1/project_1.srcs/sources_1/new/MUX2_1.v:23]
	Parameter WIDTH bound to: 5 - type: integer 
INFO: [Synth 8-6155] done synthesizing module 'MUX2_1__parameterized0' (3#1) [C:/Users/13808/Documents/PJ Now/MIPScomputer_version/project_1/project_1.srcs/sources_1/new/MUX2_1.v:23]
INFO: [Synth 8-6157] synthesizing module 'PC' [C:/Users/13808/Documents/PJ Now/MIPScomputer_version/project_1/project_1.srcs/sources_1/new/PROGRAM_COUNTER.v:23]
INFO: [Synth 8-6155] done synthesizing module 'PC' (4#1) [C:/Users/13808/Documents/PJ Now/MIPScomputer_version/project_1/project_1.srcs/sources_1/new/PROGRAM_COUNTER.v:23]
INFO: [Synth 8-6157] synthesizing module 'ADDER' [C:/Users/13808/Documents/PJ Now/MIPScomputer_version/project_1/project_1.srcs/sources_1/new/ADDER.v:23]
INFO: [Synth 8-6155] done synthesizing module 'ADDER' (5#1) [C:/Users/13808/Documents/PJ Now/MIPScomputer_version/project_1/project_1.srcs/sources_1/new/ADDER.v:23]
INFO: [Synth 8-6157] synthesizing module 'SL2' [C:/Users/13808/Documents/PJ Now/MIPScomputer_version/project_1/project_1.srcs/sources_1/new/SL2.v:23]
INFO: [Synth 8-6155] done synthesizing module 'SL2' (6#1) [C:/Users/13808/Documents/PJ Now/MIPScomputer_version/project_1/project_1.srcs/sources_1/new/SL2.v:23]
WARNING: [Synth 8-689] width (28) of port connection 'out' does not match port width (32) of module 'SL2' [C:/Users/13808/Documents/PJ Now/MIPScomputer_version/project_1/project_1.srcs/sources_1/new/DATAPATH.v:43]
INFO: [Synth 8-6157] synthesizing module 'SIGN_EXTEND' [C:/Users/13808/Documents/PJ Now/MIPScomputer_version/project_1/project_1.srcs/sources_1/new/SIGN_EXTEND.v:23]
INFO: [Synth 8-6155] done synthesizing module 'SIGN_EXTEND' (7#1) [C:/Users/13808/Documents/PJ Now/MIPScomputer_version/project_1/project_1.srcs/sources_1/new/SIGN_EXTEND.v:23]
INFO: [Synth 8-6157] synthesizing module 'REGISTER_FILE' [C:/Users/13808/Documents/PJ Now/MIPScomputer_version/project_1/project_1.srcs/sources_1/new/REGISTER_FILE.v:23]
INFO: [Synth 8-6155] done synthesizing module 'REGISTER_FILE' (8#1) [C:/Users/13808/Documents/PJ Now/MIPScomputer_version/project_1/project_1.srcs/sources_1/new/REGISTER_FILE.v:23]
INFO: [Synth 8-6157] synthesizing module 'ALU' [C:/Users/13808/Documents/PJ Now/MIPScomputer_version/project_1/project_1.srcs/sources_1/new/ALU.v:23]
INFO: [Synth 8-6155] done synthesizing module 'ALU' (9#1) [C:/Users/13808/Documents/PJ Now/MIPScomputer_version/project_1/project_1.srcs/sources_1/new/ALU.v:23]
INFO: [Synth 8-6155] done synthesizing module 'DATAPATH' (10#1) [C:/Users/13808/Documents/PJ Now/MIPScomputer_version/project_1/project_1.srcs/sources_1/new/DATAPATH.v:3]
INFO: [Synth 8-6155] done synthesizing module 'MIPS' (11#1) [C:/Users/13808/Documents/PJ Now/MIPScomputer_version/project_1/project_1.srcs/sources_1/new/MIPS.v:23]
INFO: [Synth 8-6157] synthesizing module 'INSTR_MEMORY' [C:/Users/13808/Documents/PJ Now/MIPScomputer_version/project_1/project_1.srcs/sources_1/new/INSTR_MEMORY.v:23]
INFO: [Synth 8-6155] done synthesizing module 'INSTR_MEMORY' (12#1) [C:/Users/13808/Documents/PJ Now/MIPScomputer_version/project_1/project_1.srcs/sources_1/new/INSTR_MEMORY.v:23]
WARNING: [Synth 8-689] width (12) of port connection 'load' does not match port width (1) of module 'INSTR_MEMORY' [C:/Users/13808/Documents/PJ Now/MIPScomputer_version/project_1/project_1.srcs/sources_1/new/TOP.v:38]
WARNING: [Synth 8-350] instance 'INSTR_MEMORY_2' of module 'INSTR_MEMORY' requires 6 connections, but only 5 given [C:/Users/13808/Documents/PJ Now/MIPScomputer_version/project_1/project_1.srcs/sources_1/new/TOP.v:38]
INFO: [Synth 8-6157] synthesizing module 'DATA_MEMORY' [C:/Users/13808/Documents/PJ Now/MIPScomputer_version/project_1/project_1.srcs/sources_1/new/DATA_MEMORY.v:23]
INFO: [Synth 8-6155] done synthesizing module 'DATA_MEMORY' (13#1) [C:/Users/13808/Documents/PJ Now/MIPScomputer_version/project_1/project_1.srcs/sources_1/new/DATA_MEMORY.v:23]
INFO: [Synth 8-6155] done synthesizing module 'TOP' (14#1) [C:/Users/13808/Documents/PJ Now/MIPScomputer_version/project_1/project_1.srcs/sources_1/new/TOP.v:23]
INFO: [Synth 8-6155] done synthesizing module 'main' (15#1) [C:/Users/13808/Documents/PJ Now/MIPScomputer_version/project_1/project_1.srcs/sources_1/new/main.v:23]
WARNING: [Synth 8-3331] design DATA_MEMORY has unconnected port a[31]
WARNING: [Synth 8-3331] design DATA_MEMORY has unconnected port a[30]
WARNING: [Synth 8-3331] design DATA_MEMORY has unconnected port a[29]
WARNING: [Synth 8-3331] design DATA_MEMORY has unconnected port a[28]
WARNING: [Synth 8-3331] design DATA_MEMORY has unconnected port a[27]
WARNING: [Synth 8-3331] design DATA_MEMORY has unconnected port a[26]
WARNING: [Synth 8-3331] design DATA_MEMORY has unconnected port a[25]
WARNING: [Synth 8-3331] design DATA_MEMORY has unconnected port a[24]
WARNING: [Synth 8-3331] design DATA_MEMORY has unconnected port a[23]
WARNING: [Synth 8-3331] design DATA_MEMORY has unconnected port a[22]
WARNING: [Synth 8-3331] design DATA_MEMORY has unconnected port a[21]
WARNING: [Synth 8-3331] design DATA_MEMORY has unconnected port a[20]
WARNING: [Synth 8-3331] design DATA_MEMORY has unconnected port a[19]
WARNING: [Synth 8-3331] design DATA_MEMORY has unconnected port a[18]
WARNING: [Synth 8-3331] design DATA_MEMORY has unconnected port a[17]
WARNING: [Synth 8-3331] design DATA_MEMORY has unconnected port a[16]
WARNING: [Synth 8-3331] design DATA_MEMORY has unconnected port a[15]
WARNING: [Synth 8-3331] design DATA_MEMORY has unconnected port a[14]
WARNING: [Synth 8-3331] design DATA_MEMORY has unconnected port a[13]
WARNING: [Synth 8-3331] design DATA_MEMORY has unconnected port a[12]
WARNING: [Synth 8-3331] design DATA_MEMORY has unconnected port a[11]
WARNING: [Synth 8-3331] design DATA_MEMORY has unconnected port a[10]
WARNING: [Synth 8-3331] design DATA_MEMORY has unconnected port a[9]
WARNING: [Synth 8-3331] design DATA_MEMORY has unconnected port a[8]
WARNING: [Synth 8-3331] design DATA_MEMORY has unconnected port a[1]
WARNING: [Synth 8-3331] design DATA_MEMORY has unconnected port a[0]
WARNING: [Synth 8-3331] design INSTR_MEMORY has unconnected port load
WARNING: [Synth 8-3331] design INSTR_MEMORY has unconnected port clear
WARNING: [Synth 8-3331] design INSTR_MEMORY has unconnected port reset
WARNING: [Synth 8-3331] design INSTR_MEMORY has unconnected port num[11]
WARNING: [Synth 8-3331] design INSTR_MEMORY has unconnected port num[10]
WARNING: [Synth 8-3331] design INSTR_MEMORY has unconnected port num[9]
WARNING: [Synth 8-3331] design INSTR_MEMORY has unconnected port num[8]
WARNING: [Synth 8-3331] design INSTR_MEMORY has unconnected port num[7]
WARNING: [Synth 8-3331] design INSTR_MEMORY has unconnected port num[6]
WARNING: [Synth 8-3331] design INSTR_MEMORY has unconnected port num[5]
WARNING: [Synth 8-3331] design INSTR_MEMORY has unconnected port num[4]
WARNING: [Synth 8-3331] design INSTR_MEMORY has unconnected port num[3]
WARNING: [Synth 8-3331] design INSTR_MEMORY has unconnected port num[2]
WARNING: [Synth 8-3331] design INSTR_MEMORY has unconnected port num[1]
WARNING: [Synth 8-3331] design INSTR_MEMORY has unconnected port num[0]
WARNING: [Synth 8-3331] design SL2 has unconnected port a[31]
WARNING: [Synth 8-3331] design SL2 has unconnected port a[30]
WARNING: [Synth 8-3331] design ALU_DECODER has unconnected port op_code[5]
WARNING: [Synth 8-3331] design ALU_DECODER has unconnected port op_code[4]
WARNING: [Synth 8-3331] design ALU_DECODER has unconnected port op_code[3]
WARNING: [Synth 8-3331] design ALU_DECODER has unconnected port op_code[2]
WARNING: [Synth 8-3331] design ALU_DECODER has unconnected port op_code[1]
WARNING: [Synth 8-3331] design ALU_DECODER has unconnected port op_code[0]
WARNING: [Synth 8-3331] design TOP has unconnected port num[11]
WARNING: [Synth 8-3331] design TOP has unconnected port num[10]
WARNING: [Synth 8-3331] design TOP has unconnected port num[9]
WARNING: [Synth 8-3331] design TOP has unconnected port num[8]
WARNING: [Synth 8-3331] design TOP has unconnected port num[7]
WARNING: [Synth 8-3331] design TOP has unconnected port num[6]
WARNING: [Synth 8-3331] design TOP has unconnected port num[5]
WARNING: [Synth 8-3331] design TOP has unconnected port num[4]
WARNING: [Synth 8-3331] design TOP has unconnected port num[3]
WARNING: [Synth 8-3331] design TOP has unconnected port num[2]
WARNING: [Synth 8-3331] design TOP has unconnected port num[1]
---------------------------------------------------------------------------------
Finished RTL Elaboration : Time (s): cpu = 00:00:03 ; elapsed = 00:00:03 . Memory (MB): peak = 418.582 ; gain = 157.129
---------------------------------------------------------------------------------

Report Check Netlist: 
+------+------------------+-------+---------+-------+------------------+
|      |Item              |Errors |Warnings |Status |Description       |
+------+------------------+-------+---------+-------+------------------+
|1     |multi_driven_nets |      0|        0|Passed |Multi driven nets |
+------+------------------+-------+---------+-------+------------------+
---------------------------------------------------------------------------------
Start Handling Custom Attributes
---------------------------------------------------------------------------------
---------------------------------------------------------------------------------
Finished Handling Custom Attributes : Time (s): cpu = 00:00:03 ; elapsed = 00:00:03 . Memory (MB): peak = 418.582 ; gain = 157.129
---------------------------------------------------------------------------------
---------------------------------------------------------------------------------
Finished RTL Optimization Phase 1 : Time (s): cpu = 00:00:03 ; elapsed = 00:00:03 . Memory (MB): peak = 418.582 ; gain = 157.129
---------------------------------------------------------------------------------
INFO: [Device 21-403] Loading part xc7a100tcsg324-1
INFO: [Project 1-570] Preparing netlist for logic optimization

Processing XDC Constraints
Initializing timing engine
Parsing XDC File [C:/Users/13808/Documents/PJ Now/MIPScomputer_version/project_1/project_1.srcs/constrs_1/new/cons.xdc]
WARNING: [Vivado 12-584] No ports matched 'clk_sim'. [C:/Users/13808/Documents/PJ Now/MIPScomputer_version/project_1/project_1.srcs/constrs_1/new/cons.xdc:13]
CRITICAL WARNING: [Common 17-55] 'set_property' expects at least one object. [C:/Users/13808/Documents/PJ Now/MIPScomputer_version/project_1/project_1.srcs/constrs_1/new/cons.xdc:13]
Resolution: If [get_<value>] was used to populate the object, check to make sure this command returns at least one valid object.
Finished Parsing XDC File [C:/Users/13808/Documents/PJ Now/MIPScomputer_version/project_1/project_1.srcs/constrs_1/new/cons.xdc]
INFO: [Project 1-236] Implementation specific constraints were found while reading constraint file [C:/Users/13808/Documents/PJ Now/MIPScomputer_version/project_1/project_1.srcs/constrs_1/new/cons.xdc]. These constraints will be ignored for synthesis but will be used in implementation. Impacted constraints are listed in the file [.Xil/main_propImpl.xdc].
Resolution: To avoid this warning, move constraints listed in [.Xil/main_propImpl.xdc] to another XDC file and exclude this new file from synthesis with the used_in_synthesis property (File Properties dialog in GUI) and re-run elaboration/synthesis.
Netlist sorting complete. Time (s): cpu = 00:00:00 ; elapsed = 00:00:00.001 . Memory (MB): peak = 749.859 ; gain = 0.000
Completed Processing XDC Constraints

Netlist sorting complete. Time (s): cpu = 00:00:00 ; elapsed = 00:00:00 . Memory (MB): peak = 749.859 ; gain = 0.000
INFO: [Project 1-111] Unisim Transformation Summary:
No Unisim elements were transformed.

Netlist sorting complete. Time (s): cpu = 00:00:00 ; elapsed = 00:00:00 . Memory (MB): peak = 749.859 ; gain = 0.000
Constraint Validation Runtime : Time (s): cpu = 00:00:00 ; elapsed = 00:00:00.003 . Memory (MB): peak = 749.859 ; gain = 0.000
---------------------------------------------------------------------------------
Finished Constraint Validation : Time (s): cpu = 00:00:10 ; elapsed = 00:00:11 . Memory (MB): peak = 749.859 ; gain = 488.406
---------------------------------------------------------------------------------
---------------------------------------------------------------------------------
Start Loading Part and Timing Information
---------------------------------------------------------------------------------
Loading part: xc7a100tcsg324-1
---------------------------------------------------------------------------------
Finished Loading Part and Timing Information : Time (s): cpu = 00:00:10 ; elapsed = 00:00:11 . Memory (MB): peak = 749.859 ; gain = 488.406
---------------------------------------------------------------------------------
---------------------------------------------------------------------------------
Start Applying 'set_property' XDC Constraints
---------------------------------------------------------------------------------
---------------------------------------------------------------------------------
Finished applying 'set_property' XDC Constraints : Time (s): cpu = 00:00:10 ; elapsed = 00:00:11 . Memory (MB): peak = 749.859 ; gain = 488.406
---------------------------------------------------------------------------------
INFO: [Synth 8-5546] ROM "controls" won't be mapped to RAM because it is too sparse
INFO: [Synth 8-5546] ROM "RAM" won't be mapped to RAM because it is too sparse
WARNING: [Synth 8-327] inferring latch for variable 'alu_result_reg' [C:/Users/13808/Documents/PJ Now/MIPScomputer_version/project_1/project_1.srcs/sources_1/new/ALU.v:33]
WARNING: [Synth 8-327] inferring latch for variable 'tp_reg' [C:/Users/13808/Documents/PJ Now/MIPScomputer_version/project_1/project_1.srcs/sources_1/new/ALU.v:42]
---------------------------------------------------------------------------------
Finished RTL Optimization Phase 2 : Time (s): cpu = 00:00:10 ; elapsed = 00:00:11 . Memory (MB): peak = 749.859 ; gain = 488.406
---------------------------------------------------------------------------------

Report RTL Partitions: 
+-+--------------+------------+----------+
| |RTL Partition |Replication |Instances |
+-+--------------+------------+----------+
+-+--------------+------------+----------+
---------------------------------------------------------------------------------
Start RTL Component Statistics 
---------------------------------------------------------------------------------
Detailed RTL Component Info : 
+---Adders : 
	   2 Input     32 Bit       Adders := 3     
	   3 Input     32 Bit       Adders := 1     
+---XORs : 
	   2 Input      1 Bit         XORs := 1     
+---Registers : 
	               32 Bit    Registers := 1     
+---Muxes : 
	   2 Input     32 Bit        Muxes := 6     
	  20 Input     32 Bit        Muxes := 1     
	   8 Input     10 Bit        Muxes := 1     
	   2 Input      5 Bit        Muxes := 1     
	   8 Input      3 Bit        Muxes := 1     
	  11 Input      3 Bit        Muxes := 1     
	   8 Input      1 Bit        Muxes := 2     
---------------------------------------------------------------------------------
Finished RTL Component Statistics 
---------------------------------------------------------------------------------
---------------------------------------------------------------------------------
Start RTL Hierarchical Component Statistics 
---------------------------------------------------------------------------------
Hierarchical RTL Component report 
Module ALU_DECODER 
Detailed RTL Component Info : 
+---Muxes : 
	   8 Input      3 Bit        Muxes := 1     
Module MAIN_DECODER 
Detailed RTL Component Info : 
+---Muxes : 
	   8 Input     10 Bit        Muxes := 1     
	  11 Input      3 Bit        Muxes := 1     
Module MUX2_1 
Detailed RTL Component Info : 
+---Muxes : 
	   2 Input     32 Bit        Muxes := 1     
Module MUX2_1__parameterized0 
Detailed RTL Component Info : 
+---Muxes : 
	   2 Input      5 Bit        Muxes := 1     
Module PC 
Detailed RTL Component Info : 
+---Registers : 
	               32 Bit    Registers := 1     
Module ADDER 
Detailed RTL Component Info : 
+---Adders : 
	   2 Input     32 Bit       Adders := 1     
Module REGISTER_FILE 
Detailed RTL Component Info : 
+---Muxes : 
	   2 Input     32 Bit        Muxes := 2     
Module ALU 
Detailed RTL Component Info : 
+---Adders : 
	   2 Input     32 Bit       Adders := 1     
	   3 Input     32 Bit       Adders := 1     
+---Muxes : 
	   8 Input      1 Bit        Muxes := 2     
Module MIPS 
Detailed RTL Component Info : 
+---XORs : 
	   2 Input      1 Bit         XORs := 1     
Module INSTR_MEMORY 
Detailed RTL Component Info : 
+---Muxes : 
	  20 Input     32 Bit        Muxes := 1     
---------------------------------------------------------------------------------
Finished RTL Hierarchical Component Statistics
---------------------------------------------------------------------------------
---------------------------------------------------------------------------------
Start Part Resource Summary
---------------------------------------------------------------------------------
Part Resources:
DSPs: 240 (col length:80)
BRAMs: 270 (col length: RAMB18 80 RAMB36 40)
---------------------------------------------------------------------------------
Finished Part Resource Summary
---------------------------------------------------------------------------------
---------------------------------------------------------------------------------
Start Cross Boundary and Area Optimization
---------------------------------------------------------------------------------
Warning: Parallel synthesis criteria is not met 
INFO: [Synth 8-5546] ROM "TOP_0/MIPS_1/MAIN_DECODER_2/controls" won't be mapped to RAM because it is too sparse
WARNING: [Synth 8-3331] design main has unconnected port load
WARNING: [Synth 8-3331] design main has unconnected port clear
WARNING: [Synth 8-3331] design main has unconnected port num[11]
WARNING: [Synth 8-3331] design main has unconnected port num[10]
WARNING: [Synth 8-3331] design main has unconnected port num[9]
WARNING: [Synth 8-3331] design main has unconnected port num[8]
WARNING: [Synth 8-3331] design main has unconnected port num[7]
WARNING: [Synth 8-3331] design main has unconnected port num[6]
WARNING: [Synth 8-3331] design main has unconnected port num[5]
WARNING: [Synth 8-3331] design main has unconnected port num[4]
WARNING: [Synth 8-3331] design main has unconnected port num[3]
WARNING: [Synth 8-3331] design main has unconnected port num[2]
WARNING: [Synth 8-3331] design main has unconnected port num[1]
WARNING: [Synth 8-3331] design main has unconnected port num[0]
WARNING: [Synth 8-3332] Sequential element (TOP_0/MIPS_1/DATAPATH_3/ALU_12/tp_reg[30]) is unused and will be removed from module main.
WARNING: [Synth 8-3332] Sequential element (TOP_0/MIPS_1/DATAPATH_3/ALU_12/tp_reg[29]) is unused and will be removed from module main.
WARNING: [Synth 8-3332] Sequential element (TOP_0/MIPS_1/DATAPATH_3/ALU_12/tp_reg[28]) is unused and will be removed from module main.
WARNING: [Synth 8-3332] Sequential element (TOP_0/MIPS_1/DATAPATH_3/ALU_12/tp_reg[27]) is unused and will be removed from module main.
WARNING: [Synth 8-3332] Sequential element (TOP_0/MIPS_1/DATAPATH_3/ALU_12/tp_reg[26]) is unused and will be removed from module main.
WARNING: [Synth 8-3332] Sequential element (TOP_0/MIPS_1/DATAPATH_3/ALU_12/tp_reg[25]) is unused and will be removed from module main.
WARNING: [Synth 8-3332] Sequential element (TOP_0/MIPS_1/DATAPATH_3/ALU_12/tp_reg[24]) is unused and will be removed from module main.
WARNING: [Synth 8-3332] Sequential element (TOP_0/MIPS_1/DATAPATH_3/ALU_12/tp_reg[23]) is unused and will be removed from module main.
WARNING: [Synth 8-3332] Sequential element (TOP_0/MIPS_1/DATAPATH_3/ALU_12/tp_reg[22]) is unused and will be removed from module main.
WARNING: [Synth 8-3332] Sequential element (TOP_0/MIPS_1/DATAPATH_3/ALU_12/tp_reg[21]) is unused and will be removed from module main.
WARNING: [Synth 8-3332] Sequential element (TOP_0/MIPS_1/DATAPATH_3/ALU_12/tp_reg[20]) is unused and will be removed from module main.
WARNING: [Synth 8-3332] Sequential element (TOP_0/MIPS_1/DATAPATH_3/ALU_12/tp_reg[19]) is unused and will be removed from module main.
WARNING: [Synth 8-3332] Sequential element (TOP_0/MIPS_1/DATAPATH_3/ALU_12/tp_reg[18]) is unused and will be removed from module main.
WARNING: [Synth 8-3332] Sequential element (TOP_0/MIPS_1/DATAPATH_3/ALU_12/tp_reg[17]) is unused and will be removed from module main.
WARNING: [Synth 8-3332] Sequential element (TOP_0/MIPS_1/DATAPATH_3/ALU_12/tp_reg[16]) is unused and will be removed from module main.
WARNING: [Synth 8-3332] Sequential element (TOP_0/MIPS_1/DATAPATH_3/ALU_12/tp_reg[15]) is unused and will be removed from module main.
WARNING: [Synth 8-3332] Sequential element (TOP_0/MIPS_1/DATAPATH_3/ALU_12/tp_reg[14]) is unused and will be removed from module main.
WARNING: [Synth 8-3332] Sequential element (TOP_0/MIPS_1/DATAPATH_3/ALU_12/tp_reg[13]) is unused and will be removed from module main.
WARNING: [Synth 8-3332] Sequential element (TOP_0/MIPS_1/DATAPATH_3/ALU_12/tp_reg[12]) is unused and will be removed from module main.
WARNING: [Synth 8-3332] Sequential element (TOP_0/MIPS_1/DATAPATH_3/ALU_12/tp_reg[11]) is unused and will be removed from module main.
WARNING: [Synth 8-3332] Sequential element (TOP_0/MIPS_1/DATAPATH_3/ALU_12/tp_reg[10]) is unused and will be removed from module main.
WARNING: [Synth 8-3332] Sequential element (TOP_0/MIPS_1/DATAPATH_3/ALU_12/tp_reg[9]) is unused and will be removed from module main.
WARNING: [Synth 8-3332] Sequential element (TOP_0/MIPS_1/DATAPATH_3/ALU_12/tp_reg[8]) is unused and will be removed from module main.
WARNING: [Synth 8-3332] Sequential element (TOP_0/MIPS_1/DATAPATH_3/ALU_12/tp_reg[7]) is unused and will be removed from module main.
WARNING: [Synth 8-3332] Sequential element (TOP_0/MIPS_1/DATAPATH_3/ALU_12/tp_reg[6]) is unused and will be removed from module main.
WARNING: [Synth 8-3332] Sequential element (TOP_0/MIPS_1/DATAPATH_3/ALU_12/tp_reg[5]) is unused and will be removed from module main.
WARNING: [Synth 8-3332] Sequential element (TOP_0/MIPS_1/DATAPATH_3/ALU_12/tp_reg[4]) is unused and will be removed from module main.
WARNING: [Synth 8-3332] Sequential element (TOP_0/MIPS_1/DATAPATH_3/ALU_12/tp_reg[3]) is unused and will be removed from module main.
WARNING: [Synth 8-3332] Sequential element (TOP_0/MIPS_1/DATAPATH_3/ALU_12/tp_reg[2]) is unused and will be removed from module main.
WARNING: [Synth 8-3332] Sequential element (TOP_0/MIPS_1/DATAPATH_3/ALU_12/tp_reg[1]) is unused and will be removed from module main.
WARNING: [Synth 8-3332] Sequential element (TOP_0/MIPS_1/DATAPATH_3/ALU_12/tp_reg[0]) is unused and will be removed from module main.
---------------------------------------------------------------------------------
Finished Cross Boundary and Area Optimization : Time (s): cpu = 00:00:12 ; elapsed = 00:00:13 . Memory (MB): peak = 749.859 ; gain = 488.406
---------------------------------------------------------------------------------
---------------------------------------------------------------------------------
Start ROM, RAM, DSP and Shift Register Reporting
---------------------------------------------------------------------------------

Distributed RAM: Preliminary Mapping  Report (see note below)
+------------+------------------------------------------------------------+-----------+----------------------+-----------------+
|Module Name | RTL Object                                                 | Inference | Size (Depth x Width) | Primitives      | 
+------------+------------------------------------------------------------+-----------+----------------------+-----------------+
|main        | TOP_0/DATA_MEMORY_3/RAM_reg                                | Implied   | 64 x 32              | RAM64X1S x 32   | 
|main        | TOP_0/MIPS_1/DATAPATH_3/REGISTER_FILE_10/register_file_reg | Implied   | 32 x 32              | RAM32M x 12     | 
+------------+------------------------------------------------------------+-----------+----------------------+-----------------+

Note: The table above is a preliminary report that shows the Distributed RAMs at the current stage of the synthesis flow. Some Distributed RAMs may be reimplemented as non Distributed RAM primitives later in the synthesis flow. Multiple instantiated RAMs are reported only once.
---------------------------------------------------------------------------------
Finished ROM, RAM, DSP and Shift Register Reporting
---------------------------------------------------------------------------------

Report RTL Partitions: 
+-+--------------+------------+----------+
| |RTL Partition |Replication |Instances |
+-+--------------+------------+----------+
+-+--------------+------------+----------+
---------------------------------------------------------------------------------
Start Applying XDC Timing Constraints
---------------------------------------------------------------------------------
---------------------------------------------------------------------------------
Finished Applying XDC Timing Constraints : Time (s): cpu = 00:00:20 ; elapsed = 00:00:21 . Memory (MB): peak = 757.137 ; gain = 495.684
---------------------------------------------------------------------------------
---------------------------------------------------------------------------------
Start Timing Optimization
---------------------------------------------------------------------------------
---------------------------------------------------------------------------------
Finished Timing Optimization : Time (s): cpu = 00:00:20 ; elapsed = 00:00:21 . Memory (MB): peak = 757.508 ; gain = 496.055
---------------------------------------------------------------------------------
---------------------------------------------------------------------------------
Start ROM, RAM, DSP and Shift Register Reporting
---------------------------------------------------------------------------------

Distributed RAM: Final Mapping  Report
+------------+------------------------------------------------------------+-----------+----------------------+-----------------+
|Module Name | RTL Object                                                 | Inference | Size (Depth x Width) | Primitives      | 
+------------+------------------------------------------------------------+-----------+----------------------+-----------------+
|main        | TOP_0/DATA_MEMORY_3/RAM_reg                                | Implied   | 64 x 32              | RAM64X1S x 32   | 
|main        | TOP_0/MIPS_1/DATAPATH_3/REGISTER_FILE_10/register_file_reg | Implied   | 32 x 32              | RAM32M x 12     | 
+------------+------------------------------------------------------------+-----------+----------------------+-----------------+

---------------------------------------------------------------------------------
Finished ROM, RAM, DSP and Shift Register Reporting
---------------------------------------------------------------------------------

Report RTL Partitions: 
+-+--------------+------------+----------+
| |RTL Partition |Replication |Instances |
+-+--------------+------------+----------+
+-+--------------+------------+----------+
---------------------------------------------------------------------------------
Start Technology Mapping
---------------------------------------------------------------------------------
---------------------------------------------------------------------------------
Finished Technology Mapping : Time (s): cpu = 00:00:20 ; elapsed = 00:00:21 . Memory (MB): peak = 776.156 ; gain = 514.703
---------------------------------------------------------------------------------

Report RTL Partitions: 
+-+--------------+------------+----------+
| |RTL Partition |Replication |Instances |
+-+--------------+------------+----------+
+-+--------------+------------+----------+
---------------------------------------------------------------------------------
Start IO Insertion
---------------------------------------------------------------------------------
---------------------------------------------------------------------------------
Start Flattening Before IO Insertion
---------------------------------------------------------------------------------
---------------------------------------------------------------------------------
Finished Flattening Before IO Insertion
---------------------------------------------------------------------------------
---------------------------------------------------------------------------------
Start Final Netlist Cleanup
---------------------------------------------------------------------------------
---------------------------------------------------------------------------------
Finished Final Netlist Cleanup
---------------------------------------------------------------------------------
---------------------------------------------------------------------------------
Finished IO Insertion : Time (s): cpu = 00:00:21 ; elapsed = 00:00:22 . Memory (MB): peak = 776.156 ; gain = 514.703
---------------------------------------------------------------------------------

Report Check Netlist: 
+------+------------------+-------+---------+-------+------------------+
|      |Item              |Errors |Warnings |Status |Description       |
+------+------------------+-------+---------+-------+------------------+
|1     |multi_driven_nets |      0|        0|Passed |Multi driven nets |
+------+------------------+-------+---------+-------+------------------+
---------------------------------------------------------------------------------
Start Renaming Generated Instances
---------------------------------------------------------------------------------
---------------------------------------------------------------------------------
Finished Renaming Generated Instances : Time (s): cpu = 00:00:21 ; elapsed = 00:00:22 . Memory (MB): peak = 776.156 ; gain = 514.703
---------------------------------------------------------------------------------

Report RTL Partitions: 
+-+--------------+------------+----------+
| |RTL Partition |Replication |Instances |
+-+--------------+------------+----------+
+-+--------------+------------+----------+
---------------------------------------------------------------------------------
Start Rebuilding User Hierarchy
---------------------------------------------------------------------------------
---------------------------------------------------------------------------------
Finished Rebuilding User Hierarchy : Time (s): cpu = 00:00:21 ; elapsed = 00:00:22 . Memory (MB): peak = 776.156 ; gain = 514.703
---------------------------------------------------------------------------------
---------------------------------------------------------------------------------
Start Renaming Generated Ports
---------------------------------------------------------------------------------
---------------------------------------------------------------------------------
Finished Renaming Generated Ports : Time (s): cpu = 00:00:21 ; elapsed = 00:00:22 . Memory (MB): peak = 776.156 ; gain = 514.703
---------------------------------------------------------------------------------
---------------------------------------------------------------------------------
Start Handling Custom Attributes
---------------------------------------------------------------------------------
---------------------------------------------------------------------------------
Finished Handling Custom Attributes : Time (s): cpu = 00:00:21 ; elapsed = 00:00:22 . Memory (MB): peak = 776.156 ; gain = 514.703
---------------------------------------------------------------------------------
---------------------------------------------------------------------------------
Start Renaming Generated Nets
---------------------------------------------------------------------------------
---------------------------------------------------------------------------------
Finished Renaming Generated Nets : Time (s): cpu = 00:00:21 ; elapsed = 00:00:22 . Memory (MB): peak = 776.156 ; gain = 514.703
---------------------------------------------------------------------------------
---------------------------------------------------------------------------------
Start Writing Synthesis Report
---------------------------------------------------------------------------------

Report BlackBoxes: 
+-+--------------+----------+
| |BlackBox name |Instances |
+-+--------------+----------+
+-+--------------+----------+

Report Cell Usage: 
+------+---------+------+
|      |Cell     |Count |
+------+---------+------+
|1     |BUFG     |     2|
|2     |CARRY4   |    32|
|3     |LUT1     |     2|
|4     |LUT3     |    19|
|5     |LUT4     |    18|
|6     |LUT5     |    85|
|7     |LUT6     |   239|
|8     |RAM32M   |    12|
|9     |RAM64X1S |    32|
|10    |FDCE     |    27|
|11    |FDPE     |     4|
|12    |LD       |    33|
|13    |IBUF     |     2|
|14    |OBUF     |    12|
+------+---------+------+

Report Instance Areas: 
+------+-------------------------+--------------+------+
|      |Instance                 |Module        |Cells |
+------+-------------------------+--------------+------+
|1     |top                      |              |   519|
|2     |  TOP_0                  |TOP           |   503|
|3     |    DATA_MEMORY_3        |DATA_MEMORY   |    64|
|4     |    MIPS_1               |MIPS          |   437|
|5     |      DATAPATH_3         |DATAPATH      |   437|
|6     |        ADDER_14         |ADDER         |    45|
|7     |        ADDER_7          |ADDER_0       |    12|
|8     |        ALU_12           |ALU           |    99|
|9     |        PC_6             |PC            |    32|
|10    |        REGISTER_FILE_10 |REGISTER_FILE |   249|
+------+-------------------------+--------------+------+
---------------------------------------------------------------------------------
Finished Writing Synthesis Report : Time (s): cpu = 00:00:21 ; elapsed = 00:00:22 . Memory (MB): peak = 776.156 ; gain = 514.703
---------------------------------------------------------------------------------
Synthesis finished with 0 errors, 0 critical warnings and 47 warnings.
Synthesis Optimization Runtime : Time (s): cpu = 00:00:13 ; elapsed = 00:00:16 . Memory (MB): peak = 776.156 ; gain = 183.426
Synthesis Optimization Complete : Time (s): cpu = 00:00:21 ; elapsed = 00:00:22 . Memory (MB): peak = 776.156 ; gain = 514.703
INFO: [Project 1-571] Translating synthesized netlist
INFO: [Netlist 29-17] Analyzing 109 Unisim elements for replacement
INFO: [Netlist 29-28] Unisim Transformation completed in 0 CPU seconds
INFO: [Project 1-570] Preparing netlist for logic optimization
INFO: [Opt 31-138] Pushed 0 inverter(s) to 0 load pin(s).
Netlist sorting complete. Time (s): cpu = 00:00:00 ; elapsed = 00:00:00 . Memory (MB): peak = 780.180 ; gain = 0.000
INFO: [Project 1-111] Unisim Transformation Summary:
  A total of 77 instances were transformed.
  LD => LDCE: 33 instances
  RAM32M => RAM32M (RAMD32, RAMD32, RAMD32, RAMD32, RAMD32, RAMD32, RAMS32, RAMS32): 12 instances
  RAM64X1S => RAM64X1S (RAMS64E): 32 instances

INFO: [Common 17-83] Releasing license: Synthesis
47 Infos, 115 Warnings, 1 Critical Warnings and 0 Errors encountered.
synth_design completed successfully
synth_design: Time (s): cpu = 00:00:23 ; elapsed = 00:00:24 . Memory (MB): peak = 780.211 ; gain = 531.836
Netlist sorting complete. Time (s): cpu = 00:00:00 ; elapsed = 00:00:00.001 . Memory (MB): peak = 780.211 ; gain = 0.000
WARNING: [Constraints 18-5210] No constraints selected for write.
Resolution: This message can indicate that there are no constraints for the design, or it can indicate that the used_in flags are set such that the constraints are ignored. This later case is used when running synth_design to not write synthesis constraints to the resulting checkpoint. Instead, project constraints are read when the synthesized design is opened.
INFO: [Common 17-1381] The checkpoint 'C:/Users/13808/Documents/PJ Now/MIPScomputer_version/project_2/project_2.runs/synth_1/main.dcp' has been generated.
INFO: [runtcl-4] Executing : report_utilization -file main_utilization_synth.rpt -pb main_utilization_synth.pb
INFO: [Common 17-206] Exiting Vivado at Fri Mar 22 11:21:47 2019...
